2022-03-31 11:32:31 [undefined] info : Current Running Environment ::: undefined
2022-03-31 11:32:31 [undefined] info : Listening Port ::: 3000
2022-03-31 11:32:34 [undefined] info : Current Running Environment ::: undefined
2022-03-31 11:32:34 [undefined] info : Listening Port ::: 3000
2022-03-31 11:33:12 [undefined] info : Current Running Environment ::: undefined
2022-03-31 11:33:12 [undefined] info : Listening Port ::: 3000
2022-03-31 11:33:13 [undefined] info : Current Running Environment ::: undefined
2022-03-31 11:33:13 [undefined] info : Listening Port ::: 3000
2022-03-31 11:33:43 [undefined] info : Current Running Environment ::: undefined
2022-03-31 11:33:43 [undefined] info : Listening Port ::: 3000
2022-03-31 11:35:06 [undefined] info : Current Running Environment ::: undefined
2022-03-31 11:35:06 [undefined] info : Listening Port ::: 3000
2022-03-31 11:35:11 [undefined] info : Current Running Environment ::: undefined
2022-03-31 11:35:11 [undefined] info : Listening Port ::: 3000
2022-03-31 11:35:34 [undefined] info : Current Running Environment ::: undefined
2022-03-31 11:35:34 [undefined] info : Listening Port ::: 3000
2022-03-31 11:35:45 [undefined] info : Current Running Environment ::: undefined
2022-03-31 11:35:45 [undefined] info : Listening Port ::: 3000
2022-03-31 11:36:08 [undefined] info : Current Running Environment ::: undefined
2022-03-31 11:36:08 [undefined] info : Listening Port ::: 3000
2022-03-31 11:36:22 [undefined] info : Current Running Environment ::: undefined
2022-03-31 11:36:23 [undefined] info : Listening Port ::: 3000
2022-03-31 11:37:51 [undefined] info : Current Running Environment ::: undefined
2022-03-31 11:37:51 [undefined] info : Listening Port ::: 3000
2022-03-31 11:37:59 [undefined] info : Current Running Environment ::: undefined
2022-03-31 11:37:59 [undefined] info : Listening Port ::: 3000
2022-03-31 11:39:24 [undefined] info : Current Running Environment ::: undefined
2022-03-31 11:39:24 [undefined] info : Listening Port ::: 3000
2022-03-31 11:39:27 [undefined] info : Current Running Environment ::: undefined
2022-03-31 11:39:27 [undefined] info : Listening Port ::: 3000
2022-03-31 11:39:58 [undefined] info : Current Running Environment ::: undefined
2022-03-31 11:39:58 [undefined] info : Listening Port ::: 3000
2022-03-31 11:40:11 [undefined] info : Current Running Environment ::: undefined
2022-03-31 11:40:11 [undefined] info : Listening Port ::: 3000
2022-03-31 11:40:26 [undefined] info : Current Running Environment ::: undefined
2022-03-31 11:40:26 [undefined] info : Listening Port ::: 3000
2022-03-31 11:40:38 [undefined] info : Successed to load contract info
2022-03-31 11:40:48 [undefined] info : Successed to load contract info
2022-03-31 11:41:10 [undefined] info : Current Running Environment ::: undefined
2022-03-31 11:41:10 [undefined] info : Listening Port ::: 3000
2022-03-31 11:41:47 [undefined] info : Current Running Environment ::: undefined
2022-03-31 11:41:47 [undefined] info : Listening Port ::: 3000
2022-03-31 11:41:52 [undefined] info : Current Running Environment ::: undefined
2022-03-31 11:41:52 [undefined] info : Listening Port ::: 3000
2022-03-31 11:41:56 [undefined] info : Current Running Environment ::: undefined
2022-03-31 11:41:56 [undefined] info : Listening Port ::: 3000
2022-03-31 11:44:13 [undefined] info : Current Running Environment ::: undefined
2022-03-31 11:44:13 [undefined] info : Listening Port ::: 3000
2022-03-31 11:44:25 [undefined] info : Current Running Environment ::: undefined
2022-03-31 11:44:25 [undefined] info : Listening Port ::: 3000
2022-03-31 11:46:15 [undefined] info : Current Running Environment ::: undefined
2022-03-31 11:46:15 [undefined] info : Listening Port ::: 3000
2022-03-31 11:46:26 [undefined] info : Current Running Environment ::: undefined
2022-03-31 11:46:26 [undefined] info : Listening Port ::: 3000
2022-03-31 11:46:35 [undefined] info : Current Running Environment ::: undefined
2022-03-31 11:46:35 [undefined] info : Listening Port ::: 3000
2022-03-31 11:46:50 [undefined] info : Current Running Environment ::: undefined
2022-03-31 11:46:50 [undefined] info : Listening Port ::: 3000
2022-03-31 11:46:52 [undefined] info : Current Running Environment ::: undefined
2022-03-31 11:46:52 [undefined] info : Listening Port ::: 3000
2022-03-31 11:47:01 [undefined] info : Current Running Environment ::: undefined
2022-03-31 11:47:01 [undefined] info : Listening Port ::: 3000
2022-03-31 11:47:41 [undefined] info : Current Running Environment ::: undefined
2022-03-31 11:47:41 [undefined] info : Listening Port ::: 3000
2022-03-31 11:47:45 [undefined] info : Current Running Environment ::: undefined
2022-03-31 11:47:45 [undefined] info : Listening Port ::: 3000
2022-03-31 11:47:53 [undefined] info : Current Running Environment ::: undefined
2022-03-31 11:47:53 [undefined] info : Listening Port ::: 3000
2022-03-31 11:48:01 [undefined] info : Current Running Environment ::: undefined
2022-03-31 11:48:01 [undefined] info : Listening Port ::: 3000
2022-03-31 11:48:20 [undefined] info : Current Running Environment ::: undefined
2022-03-31 11:48:20 [undefined] info : Listening Port ::: 3000
2022-03-31 11:48:56 [undefined] info : Current Running Environment ::: undefined
2022-03-31 11:48:56 [undefined] info : Listening Port ::: 3000
2022-03-31 11:49:30 [undefined] info : Current Running Environment ::: undefined
2022-03-31 11:49:30 [undefined] info : Listening Port ::: 3000
2022-03-31 11:49:57 [undefined] info : Current Running Environment ::: undefined
2022-03-31 11:49:57 [undefined] info : Listening Port ::: 3000
2022-03-31 11:50:03 [undefined] info : Current Running Environment ::: undefined
2022-03-31 11:50:03 [undefined] info : Listening Port ::: 3000
2022-03-31 11:50:10 [undefined] info : Current Running Environment ::: undefined
2022-03-31 11:50:10 [undefined] info : Listening Port ::: 3000
2022-03-31 11:50:23 [undefined] info : Current Running Environment ::: undefined
2022-03-31 11:50:23 [undefined] info : Listening Port ::: 3000
2022-03-31 11:52:21 [undefined] info : Current Running Environment ::: undefined
2022-03-31 11:52:21 [undefined] info : Listening Port ::: 3000
2022-03-31 11:52:46 [undefined] info : Current Running Environment ::: undefined
2022-03-31 11:52:46 [undefined] info : Listening Port ::: 3000
2022-03-31 11:52:49 [undefined] info : Current Running Environment ::: undefined
2022-03-31 11:52:49 [undefined] info : Listening Port ::: 3000
2022-03-31 11:53:31 [undefined] info : Current Running Environment ::: undefined
2022-03-31 11:53:31 [undefined] info : Listening Port ::: 3000
2022-03-31 11:54:01 [undefined] info : Current Running Environment ::: undefined
2022-03-31 11:54:01 [undefined] info : Listening Port ::: 3000
2022-03-31 11:54:33 [undefined] info : Current Running Environment ::: undefined
2022-03-31 11:54:33 [undefined] info : Listening Port ::: 3000
2022-03-31 13:53:07 [undefined] info : Current Running Environment ::: prodcution
2022-03-31 13:53:07 [undefined] info : Listening Port ::: 3000
2022-03-31 13:53:19 [undefined] info : Current Running Environment ::: prodcution
2022-03-31 13:53:19 [undefined] info : Listening Port ::: 3000
2022-03-31 13:53:24 [undefined] info : Current Running Environment ::: development
2022-03-31 13:53:24 [undefined] info : Listening Port ::: 3000
2022-03-31 13:53:43 [undefined] info : Current Running Environment ::: development
2022-03-31 13:53:43 [undefined] info : Listening Port ::: 3000
2022-03-31 13:53:48 [undefined] info : Current Running Environment ::: development
2022-03-31 13:53:48 [undefined] info : Listening Port ::: 3000
2022-03-31 13:53:51 [undefined] info : Current Running Environment ::: development
2022-03-31 13:53:51 [undefined] info : Listening Port ::: 3000
2022-03-31 13:53:56 [undefined] info : Current Running Environment ::: development
2022-03-31 13:53:56 [undefined] info : Listening Port ::: 3000
2022-03-31 13:57:56 [undefined] info : Current Running Environment ::: development
2022-03-31 13:57:56 [undefined] info : Listening Port ::: 3000
2022-03-31 13:59:00 [undefined] info : Current Running Environment ::: development
2022-03-31 13:59:00 [undefined] info : Listening Port ::: 3000
2022-03-31 13:59:42 [undefined] info : Current Running Environment ::: development
2022-03-31 13:59:42 [undefined] info : Listening Port ::: 3000
2022-03-31 14:00:34 [undefined] info : Current Running Environment ::: development
2022-03-31 14:00:34 [undefined] info : Listening Port ::: 3000
2022-03-31 14:00:36 [undefined] info : Current Running Environment ::: development
2022-03-31 14:00:36 [undefined] info : Listening Port ::: 3000
2022-03-31 14:00:40 [undefined] info : Successed to load contract info
2022-03-31 14:00:58 [undefined] info : Current Running Environment ::: development
2022-03-31 14:00:58 [undefined] info : Listening Port ::: 3000
2022-03-31 14:01:16 [undefined] info : Current Running Environment ::: development
2022-03-31 14:01:16 [undefined] info : Listening Port ::: 3000
2022-03-31 14:01:25 [undefined] info : Current Running Environment ::: development
2022-03-31 14:01:25 [undefined] info : Listening Port ::: 3000
2022-03-31 14:01:30 [undefined] info : Successed to load contract info
2022-03-31 14:02:01 [undefined] info : Successed to load contract info
2022-03-31 14:02:12 [undefined] info : Successed to load contract info
2022-03-31 14:04:23 [undefined] info : Current Running Environment ::: development
2022-03-31 14:04:23 [undefined] info : Listening Port ::: 3000
2022-03-31 14:04:26 [undefined] info : Successed to load contract info
2022-03-31 14:05:52 [undefined] info : Current Running Environment ::: development
2022-03-31 14:05:52 [undefined] info : Listening Port ::: 3000
2022-03-31 14:19:43 [undefined] info : Current Running Environment ::: development
2022-03-31 14:19:43 [undefined] info : Listening Port ::: 3000
2022-03-31 14:19:50 [undefined] info : Current Running Environment ::: development
2022-03-31 14:19:50 [undefined] info : Listening Port ::: 3000
2022-03-31 14:24:37 [undefined] info : Current Running Environment ::: development
2022-03-31 14:24:37 [undefined] info : Listening Port ::: 3000
2022-03-31 16:45:50 [undefined] info : Current Running Environment ::: development
2022-03-31 16:45:50 [undefined] info : Listening Port ::: 3000
2022-03-31 16:45:52 [undefined] info : Successed to load contract info
2022-03-31 16:46:10 [undefined] info : Successed to load contract info
2022-03-31 16:46:11 [undefined] info : Successed to load contract info
2022-03-31 16:46:27 [undefined] info : Current Running Environment ::: development
2022-03-31 16:46:27 [undefined] info : Listening Port ::: 3000
2022-03-31 16:46:37 [undefined] info : Successed to load contract info
2022-03-31 16:46:42 [undefined] info : Current Running Environment ::: development
2022-03-31 16:46:42 [undefined] info : Listening Port ::: 3000
2022-03-31 16:46:47 [undefined] info : Successed to load contract info
2022-03-31 16:46:57 [undefined] info : Current Running Environment ::: development
2022-03-31 16:46:57 [undefined] info : Listening Port ::: 3000
2022-03-31 16:46:58 [undefined] info : Successed to load contract info
2022-03-31 16:58:04 [undefined] info : Current Running Environment ::: development
2022-03-31 16:58:04 [undefined] info : Listening Port ::: 3000
2022-03-31 17:00:40 [undefined] info : Current Running Environment ::: development
2022-03-31 17:00:40 [undefined] info : Listening Port ::: 3000
2022-03-31 17:02:42 [undefined] info : Current Running Environment ::: development
2022-03-31 17:02:42 [undefined] info : Listening Port ::: 3000
2022-03-31 17:07:08 [undefined] info : Current Running Environment ::: development
2022-03-31 17:07:08 [undefined] info : Listening Port ::: 3000
2022-03-31 17:07:14 [undefined] info : Current Running Environment ::: development
2022-03-31 17:07:14 [undefined] info : Listening Port ::: 3000
2022-03-31 17:11:27 [undefined] info : Current Running Environment ::: development
2022-03-31 17:11:27 [undefined] info : Listening Port ::: 3000
2022-03-31 17:11:31 [undefined] info : Successed to load contract info
2022-03-31 17:12:08 [undefined] info : Current Running Environment ::: development
2022-03-31 17:12:08 [undefined] info : Listening Port ::: 3000
2022-03-31 17:12:48 [undefined] info : Current Running Environment ::: development
2022-03-31 17:12:48 [undefined] info : Listening Port ::: 3000
2022-03-31 17:12:56 [undefined] info : Current Running Environment ::: development
2022-03-31 17:12:56 [undefined] info : Listening Port ::: 3000
2022-03-31 17:13:00 [undefined] info : Current Running Environment ::: development
2022-03-31 17:13:00 [undefined] info : Listening Port ::: 3000
2022-03-31 17:13:04 [undefined] info : Successed to load contract info
2022-03-31 17:14:00 [undefined] info : Current Running Environment ::: development
2022-03-31 17:14:00 [undefined] info : Listening Port ::: 3000
2022-03-31 17:14:02 [undefined] info : Successed to load contract info
2022-03-31 17:17:29 [undefined] info : Current Running Environment ::: development
2022-03-31 17:17:29 [undefined] info : Listening Port ::: 3000
2022-03-31 17:17:37 [undefined] info : Current Running Environment ::: development
2022-03-31 17:17:37 [undefined] info : Listening Port ::: 3000
2022-03-31 17:17:40 [undefined] info : Successed to load contract info
2022-03-31 17:17:40 [undefined] info : [0mGET /node/getApproved?tokenId=7 [33m404[0m 17.129 ms - 2355[0m

2022-03-31 17:21:12 [undefined] info : Current Running Environment ::: development
2022-03-31 17:21:12 [undefined] info : Listening Port ::: 3000
2022-03-31 17:21:14 [undefined] info : Successed to load contract info
2022-03-31 17:21:14 [undefined] info : [0mGET /node/getApproved?tokenId=7 [33m404[0m 17.612 ms - 2355[0m

2022-03-31 17:21:53 [undefined] info : Successed to load contract info
2022-03-31 17:21:53 [undefined] info : [0mGET /nod1e/getApproved?tokenId=7 [33m404[0m 4.243 ms - 2315[0m

2022-03-31 17:22:02 [undefined] info : Successed to load contract info
2022-03-31 17:22:02 [undefined] info : [0mGET /node/getApproved?tokenId=7 [33m404[0m 3.396 ms - 2355[0m

2022-03-31 17:25:23 [undefined] info : Current Running Environment ::: development
2022-03-31 17:25:23 [undefined] info : Listening Port ::: 3000
2022-03-31 17:25:26 [undefined] info : Successed to load contract info
2022-03-31 17:25:26 [undefined] info : [0mGET /node/getApproved?tokenId=7 [33m404[0m 21.591 ms - 2355[0m

2022-03-31 17:25:49 [undefined] info : Current Running Environment ::: development
2022-03-31 17:25:49 [undefined] info : Listening Port ::: 3000
[2022-03-31 17:25:57] [undefined] info : Current Running Environment ::: development
[2022-03-31 17:25:57] [undefined] info : Listening Port ::: 3000
[2022-03-31 17:26:00] [undefined] info : Successed to load contract info
[2022-03-31 17:26:00] [undefined] info : [0mGET /node/getApproved?tokenId=7 [33m404[0m 18.219 ms - 2355[0m

[2022-03-31 17:27:00] [undefined] info : Current Running Environment ::: development
[2022-03-31 17:27:00] [undefined] info : Listening Port ::: 3000
[2022-03-31 17:27:31] [undefined] info : Successed to load contract info
[2022-03-31 17:27:31] [undefined] info : [0mGET /node/allTokens [32m200[0m 32.243 ms - 12[0m

[2022-03-31 17:27:50] [undefined] info : Current Running Environment ::: development
[2022-03-31 17:27:50] [undefined] info : Listening Port ::: 3000
[2022-03-31 17:27:52] [undefined] info : Successed to load contract info
[2022-03-31 17:27:52] [undefined] info : [0mGET /node/allTokens [32m200[0m 53.450 ms - 12[0m

[2022-03-31 17:28:06] [undefined] info : Successed to load contract info
[2022-03-31 17:28:06] [undefined] error : Error ::: Error: Invalid JSON RPC response: ""
[2022-03-31 17:28:06] [undefined] info : [0mGET /node/tokenInfo [32m200[0m 23.363 ms - 12[0m

[2022-03-31 17:29:11] [undefined] info : Current Running Environment ::: development
[2022-03-31 17:29:11] [undefined] info : Listening Port ::: 3000
[2022-03-31 17:29:38] [undefined] info : Current Running Environment ::: development
[2022-03-31 17:29:38] [undefined] info : Listening Port ::: 3000
[2022-03-31 17:29:39] [undefined] info : Successed to load contract info
[2022-03-31 17:29:39] [undefined] error : Error ::: Error: Invalid JSON RPC response: ""
[2022-03-31 17:29:39] [undefined] info : [0mGET /node/tokenInfo [32m200[0m 32.781 ms - 12[0m

[2022-03-31 17:30:15] [undefined] info : Current Running Environment ::: development
[2022-03-31 17:30:15] [undefined] info : Listening Port ::: 3000
[2022-03-31 17:30:53] [undefined] info : Successed to load contract info
[2022-03-31 17:30:53] [undefined] error : Error ::: Error: Invalid JSON RPC response: ""
[2022-03-31 17:30:53] [undefined] info : [0mGET /node/tokenInfo [32m200[0m 39.397 ms - 12[0m

[2022-03-31 17:31:05] [undefined] info : Current Running Environment ::: development
[2022-03-31 17:31:05] [undefined] info : Listening Port ::: 3000
[2022-03-31 17:31:06] [undefined] info : Successed to load contract info
[2022-03-31 17:31:06] [undefined] error : Error ::: Error: Invalid JSON RPC response: ""
[2022-03-31 17:31:06] [undefined] info : [0mGET /node/tokenInfo [32m200[0m 34.421 ms - 12[0m

[2022-03-31 17:31:18] [undefined] info : Current Running Environment ::: development
[2022-03-31 17:31:18] [undefined] info : Listening Port ::: 3000
[2022-03-31 17:31:21] [undefined] info : Successed to load contract info
[2022-03-31 17:31:21] [undefined] error : Error ::: Error: Invalid JSON RPC response: ""
[2022-03-31 17:31:21] [undefined] info : [0mGET /node/tokenInfo [32m200[0m 28.647 ms - 12[0m

[2022-03-31 17:32:10] [undefined] info : Current Running Environment ::: development
[2022-03-31 17:32:10] [undefined] info : Listening Port ::: 3000
[2022-03-31 17:32:13] [undefined] info : Current Running Environment ::: development
[2022-03-31 17:32:13] [undefined] info : Listening Port ::: 3000
[2022-03-31 17:32:15] [undefined] info : Successed to load contract info
[2022-03-31 17:32:15] [undefined] error : Error ::: Error: Invalid JSON RPC response: ""
[2022-03-31 17:32:15] [undefined] info : [0mGET /node/tokenInfo [32m200[0m 22.633 ms - 12[0m

[2022-03-31 17:32:21] [undefined] info : Current Running Environment ::: development
[2022-03-31 17:32:21] [undefined] info : Listening Port ::: 3000
[2022-03-31 17:32:23] [undefined] info : Successed to load contract info
[2022-03-31 17:32:23] [undefined] info : [0mGET /node/tokenInfo [32m200[0m 36.533 ms - 37[0m

[2022-03-31 17:32:59] [undefined] info : Current Running Environment ::: development
[2022-03-31 17:32:59] [undefined] info : Listening Port ::: 3000
[2022-03-31 17:33:21] [undefined] info : Successed to load contract info
[2022-03-31 17:33:21] [undefined] info : [0mGET /node/tokenInfo [32m200[0m 31.032 ms - 37[0m

[2022-03-31 17:33:59] [undefined] info : Current Running Environment ::: development
[2022-03-31 17:33:59] [undefined] info : Listening Port ::: 3000
[2022-03-31 17:34:00] [undefined] info : Successed to load contract info
[2022-03-31 17:34:00] [undefined] info : [0mGET /node/tokenInfo [32m200[0m 31.896 ms - 37[0m

[2022-03-31 17:36:24] [undefined] info : Current Running Environment ::: development
[2022-03-31 17:36:24] [undefined] info : Listening Port ::: 3000
[2022-03-31 17:36:27] [undefined] info : Successed to load contract info
[2022-03-31 17:36:27] [undefined] info : [0mGET /node/tokenInfo [32m200[0m 33.663 ms - 37[0m

[2022-03-31 17:36:41] [undefined] info : Current Running Environment ::: development
[2022-03-31 17:36:41] [undefined] info : Listening Port ::: 3000
[2022-03-31 17:36:42] [undefined] info : Successed to load contract info
[2022-03-31 17:36:42] [undefined] info : [0mGET /node/tokenInfo [32m200[0m 31.936 ms - 37[0m

[2022-03-31 17:37:17] [undefined] info : Current Running Environment ::: development
[2022-03-31 17:37:17] [undefined] info : Listening Port ::: 3000
[2022-03-31 17:37:49] [undefined] info : Current Running Environment ::: development
[2022-03-31 17:37:49] [undefined] info : Listening Port ::: 3000
[2022-03-31 17:37:51] [undefined] info : Successed to load contract info
[2022-03-31 17:37:51] [undefined] info : [0mGET /node/tokenInfo [32m200[0m 30.880 ms - 37[0m

[2022-03-31 17:38:13] [undefined] info : Current Running Environment ::: development
[2022-03-31 17:38:13] [undefined] info : Listening Port ::: 3000
[2022-03-31 17:38:15] [undefined] info : Successed to load contract info
[2022-03-31 17:38:15] [undefined] info : [0mGET /node/tokenInfo [32m200[0m 32.874 ms - 37[0m

[2022-03-31 17:38:35] [NFT-API] info : Current Running Environment ::: development
[2022-03-31 17:38:35] [NFT-API] info : Listening Port ::: 3000
[2022-03-31 17:38:42] [NFT-API] info : Successed to load contract info
[2022-03-31 17:38:42] [NFT-API] info : [0mGET /node/tokenInfo [32m200[0m 31.784 ms - 37[0m

